[0m[1mopenstack_networking_secgroup_v2.web: Creating...[0m[0m
[0m[1mopenstack_networking_secgroup_v2.was: Creating...[0m[0m
[0m[1mopenstack_networking_secgroup_v2.bastion: Creating...[0m[0m
[0m[1mopenstack_lb_loadbalancer_v2.lb: Creating...[0m[0m
[0m[1mopenstack_networking_floatingip_v2.lb_fip: Creating...[0m[0m
[0m[1mopenstack_blockstorage_volume_v3.was_volume: Creating...[0m[0m
[0m[1mopenstack_blockstorage_volume_v3.bastion_volume: Creating...[0m[0m
[0m[1mopenstack_networking_floatingip_v2.bastion_fip: Creating...[0m[0m
[0m[1mopenstack_blockstorage_volume_v3.web_volume: Creating...[0m[0m
[0m[1mopenstack_networking_secgroup_v2.web: Creation complete after 1s [id=5b6d2a9c-b9e5-46b0-a6c3-a51d99e9a0e1][0m
[0m[1mopenstack_networking_secgroup_rule_v2.web_ssh: Creating...[0m[0m
[0m[1mopenstack_networking_port_v2.web_port: Creating...[0m[0m
[0m[1mopenstack_networking_secgroup_v2.was: Creation complete after 1s [id=65256a30-32ab-479d-a7fd-c11b18d865c6][0m
[0m[1mopenstack_networking_secgroup_rule_v2.web_http: Creating...[0m[0m
[0m[1mopenstack_networking_secgroup_v2.bastion: Creation complete after 1s [id=41d290ab-b052-43c1-aefe-2d7740a150e6][0m
[0m[1mopenstack_networking_secgroup_rule_v2.was_app: Creating...[0m[0m
[0m[1mopenstack_networking_secgroup_rule_v2.web_ssh: Creation complete after 1s [id=591a6d60-0171-4809-a066-33f6e07842e6][0m
[0m[1mopenstack_networking_secgroup_rule_v2.was_ssh: Creating...[0m[0m
[0m[1mopenstack_networking_secgroup_rule_v2.was_app: Creation complete after 1s [id=3313024b-16e7-44b1-9492-8a43e999ce9b][0m
[0m[1mopenstack_networking_port_v2.was_port: Creating...[0m[0m
[0m[1mopenstack_networking_secgroup_rule_v2.web_http: Creation complete after 2s [id=85685931-c4b0-40eb-b27d-ae5b731d1b8b][0m
[0m[1mopenstack_networking_secgroup_rule_v2.bastion_ssh: Creating...[0m[0m
[0m[1mopenstack_networking_secgroup_rule_v2.was_ssh: Creation complete after 2s [id=c454a9ad-e6a2-4213-8077-2b20432ba045][0m
[0m[1mopenstack_networking_port_v2.bastion_port: Creating...[0m[0m
[0m[1mopenstack_networking_secgroup_rule_v2.bastion_ssh: Creation complete after 1s [id=2a03fe97-c044-4dcf-86d1-4001468567c1][0m
[0m[1mopenstack_networking_port_v2.web_port: Creation complete after 8s [id=5100f9dc-089a-4aa0-8189-d0a57ea5d5bf][0m
[0m[1mopenstack_networking_floatingip_v2.bastion_fip: Creation complete after 10s [id=b7565439-81dc-4d2e-b26b-1ec0cb59cf43][0m
[0m[1mopenstack_networking_floatingip_v2.lb_fip: Creation complete after 10s [id=9fb58ea6-b42d-4c86-ad97-17bfb50fad00][0m
[0m[1mopenstack_lb_loadbalancer_v2.lb: Still creating... [00m10s elapsed][0m[0m
[0m[1mopenstack_blockstorage_volume_v3.web_volume: Still creating... [00m10s elapsed][0m[0m
[0m[1mopenstack_blockstorage_volume_v3.was_volume: Still creating... [00m10s elapsed][0m[0m
[0m[1mopenstack_blockstorage_volume_v3.bastion_volume: Still creating... [00m10s elapsed][0m[0m
[0m[1mopenstack_networking_port_v2.was_port: Creation complete after 9s [id=5d0143db-4ca5-4c1f-a060-a080a8732570][0m
[0m[1mopenstack_blockstorage_volume_v3.web_volume: Creation complete after 12s [id=162e1370-4e9f-42ec-b02c-aa5f03b187b0][0m
[0m[1mopenstack_compute_instance_v2.web_vm: Creating...[0m[0m
[0m[1mopenstack_blockstorage_volume_v3.was_volume: Creation complete after 12s [id=5ce73b17-61f6-49a2-a963-c3a65aade99b][0m
[0m[1mopenstack_blockstorage_volume_v3.bastion_volume: Creation complete after 12s [id=8462630b-eec2-4f82-bf82-65fb280c9d60][0m
[0m[1mopenstack_compute_instance_v2.was_vm: Creating...[0m[0m
[0m[1mopenstack_networking_port_v2.bastion_port: Creation complete after 8s [id=b1fe694d-2661-47cc-bf77-726b0d6da11f][0m
[0m[1mopenstack_networking_floatingip_associate_v2.bastion_fip_associate: Creating...[0m[0m
[0m[1mopenstack_compute_instance_v2.bastion_vm: Creating...[0m[0m
[0m[1mopenstack_networking_floatingip_associate_v2.bastion_fip_associate: Creation complete after 1s [id=b7565439-81dc-4d2e-b26b-1ec0cb59cf43][0m
[0m[1mopenstack_lb_loadbalancer_v2.lb: Still creating... [00m20s elapsed][0m[0m
[0m[1mopenstack_compute_instance_v2.web_vm: Still creating... [00m10s elapsed][0m[0m
[0m[1mopenstack_compute_instance_v2.was_vm: Still creating... [00m10s elapsed][0m[0m
[0m[1mopenstack_compute_instance_v2.bastion_vm: Still creating... [00m10s elapsed][0m[0m
[0m[1mopenstack_lb_loadbalancer_v2.lb: Still creating... [00m30s elapsed][0m[0m
[0m[1mopenstack_compute_instance_v2.web_vm: Still creating... [00m20s elapsed][0m[0m
[0m[1mopenstack_compute_instance_v2.was_vm: Still creating... [00m20s elapsed][0m[0m
[0m[1mopenstack_compute_instance_v2.bastion_vm: Still creating... [00m20s elapsed][0m[0m
[0m[1mopenstack_compute_instance_v2.was_vm: Creation complete after 24s [id=4515961d-240e-49b9-822f-d997326af8b0][0m
[0m[1mopenstack_compute_instance_v2.web_vm: Creation complete after 24s [id=499cb8ed-d83a-4ae9-be2a-45467bfcbb61][0m
[0m[1mopenstack_compute_instance_v2.bastion_vm: Creation complete after 25s [id=d91d2353-5811-4bfe-9845-008a3a647282][0m
[0m[1mopenstack_lb_loadbalancer_v2.lb: Still creating... [00m40s elapsed][0m[0m
[0m[1mopenstack_lb_loadbalancer_v2.lb: Still creating... [00m50s elapsed][0m[0m
[0m[1mopenstack_lb_loadbalancer_v2.lb: Still creating... [01m00s elapsed][0m[0m
[0m[1mopenstack_lb_loadbalancer_v2.lb: Still creating... [01m10s elapsed][0m[0m
[0m[1mopenstack_lb_loadbalancer_v2.lb: Still creating... [01m20s elapsed][0m[0m
[0m[1mopenstack_lb_loadbalancer_v2.lb: Still creating... [01m30s elapsed][0m[0m
[0m[1mopenstack_lb_loadbalancer_v2.lb: Still creating... [01m40s elapsed][0m[0m
[0m[1mopenstack_lb_loadbalancer_v2.lb: Still creating... [01m50s elapsed][0m[0m
[0m[1mopenstack_lb_loadbalancer_v2.lb: Still creating... [02m00s elapsed][0m[0m
[0m[1mopenstack_lb_loadbalancer_v2.lb: Still creating... [02m10s elapsed][0m[0m
[0m[1mopenstack_lb_loadbalancer_v2.lb: Still creating... [02m20s elapsed][0m[0m
[0m[1mopenstack_lb_loadbalancer_v2.lb: Still creating... [02m30s elapsed][0m[0m
[0m[1mopenstack_lb_loadbalancer_v2.lb: Still creating... [02m40s elapsed][0m[0m
[0m[1mopenstack_lb_loadbalancer_v2.lb: Still creating... [02m50s elapsed][0m[0m
[0m[1mopenstack_lb_loadbalancer_v2.lb: Still creating... [03m00s elapsed][0m[0m
[0m[1mopenstack_lb_loadbalancer_v2.lb: Still creating... [03m10s elapsed][0m[0m
[0m[1mopenstack_lb_loadbalancer_v2.lb: Still creating... [03m20s elapsed][0m[0m
[0m[1mopenstack_lb_loadbalancer_v2.lb: Still creating... [03m30s elapsed][0m[0m
[0m[1mopenstack_lb_loadbalancer_v2.lb: Still creating... [03m40s elapsed][0m[0m
[0m[1mopenstack_lb_loadbalancer_v2.lb: Still creating... [03m50s elapsed][0m[0m
[0m[1mopenstack_lb_loadbalancer_v2.lb: Still creating... [04m00s elapsed][0m[0m
[0m[1mopenstack_lb_loadbalancer_v2.lb: Still creating... [04m10s elapsed][0m[0m
[0m[1mopenstack_lb_loadbalancer_v2.lb: Still creating... [04m20s elapsed][0m[0m
[0m[1mopenstack_lb_loadbalancer_v2.lb: Still creating... [04m30s elapsed][0m[0m
[0m[1mopenstack_lb_loadbalancer_v2.lb: Still creating... [04m40s elapsed][0m[0m
[0m[1mopenstack_lb_loadbalancer_v2.lb: Still creating... [04m50s elapsed][0m[0m
[0m[1mopenstack_lb_loadbalancer_v2.lb: Still creating... [05m00s elapsed][0m[0m
[0m[1mopenstack_lb_loadbalancer_v2.lb: Still creating... [05m10s elapsed][0m[0m
[0m[1mopenstack_lb_loadbalancer_v2.lb: Still creating... [05m20s elapsed][0m[0m
[0m[1mopenstack_lb_loadbalancer_v2.lb: Still creating... [05m30s elapsed][0m[0m
[0m[1mopenstack_lb_loadbalancer_v2.lb: Still creating... [05m40s elapsed][0m[0m
[0m[1mopenstack_lb_loadbalancer_v2.lb: Still creating... [05m50s elapsed][0m[0m
[0m[1mopenstack_lb_loadbalancer_v2.lb: Still creating... [06m00s elapsed][0m[0m
[0m[1mopenstack_lb_loadbalancer_v2.lb: Still creating... [06m10s elapsed][0m[0m
[0m[1mopenstack_lb_loadbalancer_v2.lb: Creation complete after 6m12s [id=853ddfc5-3711-423c-8acc-3075d8af4b66][0m
[0m[1mopenstack_networking_floatingip_associate_v2.lb_fip_associate: Creating...[0m[0m
[0m[1mopenstack_lb_listener_v2.lb_listener: Creating...[0m[0m
[0m[1mopenstack_networking_floatingip_associate_v2.lb_fip_associate: Creation complete after 1s [id=9fb58ea6-b42d-4c86-ad97-17bfb50fad00][0m
[0m[1mopenstack_lb_listener_v2.lb_listener: Still creating... [00m10s elapsed][0m[0m
[0m[1mopenstack_lb_listener_v2.lb_listener: Still creating... [00m20s elapsed][0m[0m
[0m[1mopenstack_lb_listener_v2.lb_listener: Still creating... [00m30s elapsed][0m[0m
[0m[1mopenstack_lb_listener_v2.lb_listener: Still creating... [00m40s elapsed][0m[0m
[0m[1mopenstack_lb_listener_v2.lb_listener: Still creating... [00m50s elapsed][0m[0m
[0m[1mopenstack_lb_listener_v2.lb_listener: Still creating... [01m00s elapsed][0m[0m
[0m[1mopenstack_lb_listener_v2.lb_listener: Still creating... [01m10s elapsed][0m[0m
[0m[1mopenstack_lb_listener_v2.lb_listener: Still creating... [01m20s elapsed][0m[0m
[0m[1mopenstack_lb_listener_v2.lb_listener: Still creating... [01m30s elapsed][0m[0m
[0m[1mopenstack_lb_listener_v2.lb_listener: Still creating... [01m40s elapsed][0m[0m
[0m[1mopenstack_lb_listener_v2.lb_listener: Still creating... [01m50s elapsed][0m[0m
[0m[1mopenstack_lb_listener_v2.lb_listener: Still creating... [02m00s elapsed][0m[0m
[0m[1mopenstack_lb_listener_v2.lb_listener: Still creating... [02m10s elapsed][0m[0m
[0m[1mopenstack_lb_listener_v2.lb_listener: Still creating... [02m20s elapsed][0m[0m
[0m[1mopenstack_lb_listener_v2.lb_listener: Still creating... [02m30s elapsed][0m[0m
[0m[1mopenstack_lb_listener_v2.lb_listener: Still creating... [02m40s elapsed][0m[0m
[0m[1mopenstack_lb_listener_v2.lb_listener: Still creating... [02m50s elapsed][0m[0m
[0m[1mopenstack_lb_listener_v2.lb_listener: Still creating... [03m00s elapsed][0m[0m
[0m[1mopenstack_lb_listener_v2.lb_listener: Still creating... [03m10s elapsed][0m[0m
[0m[1mopenstack_lb_listener_v2.lb_listener: Still creating... [03m20s elapsed][0m[0m
[0m[1mopenstack_lb_listener_v2.lb_listener: Still creating... [03m30s elapsed][0m[0m
[0m[1mopenstack_lb_listener_v2.lb_listener: Still creating... [03m40s elapsed][0m[0m
[0m[1mopenstack_lb_listener_v2.lb_listener: Still creating... [03m50s elapsed][0m[0m
[0m[1mopenstack_lb_listener_v2.lb_listener: Still creating... [04m00s elapsed][0m[0m
[0m[1mopenstack_lb_listener_v2.lb_listener: Still creating... [04m10s elapsed][0m[0m
[0m[1mopenstack_lb_listener_v2.lb_listener: Still creating... [04m20s elapsed][0m[0m
[0m[1mopenstack_lb_listener_v2.lb_listener: Still creating... [04m30s elapsed][0m[0m
[0m[1mopenstack_lb_listener_v2.lb_listener: Still creating... [04m40s elapsed][0m[0m
[0m[1mopenstack_lb_listener_v2.lb_listener: Still creating... [04m50s elapsed][0m[0m
[0m[1mopenstack_lb_listener_v2.lb_listener: Still creating... [05m00s elapsed][0m[0m
[0m[1mopenstack_lb_listener_v2.lb_listener: Still creating... [05m10s elapsed][0m[0m
[0m[1mopenstack_lb_listener_v2.lb_listener: Still creating... [05m20s elapsed][0m[0m
[0m[1mopenstack_lb_listener_v2.lb_listener: Creation complete after 5m26s [id=8fc9c457-4008-458f-9e03-481c60e881a1][0m
[0m[1mopenstack_lb_pool_v2.lb_pool: Creating...[0m[0m
[0m[1mopenstack_lb_pool_v2.lb_pool: Still creating... [00m10s elapsed][0m[0m
[0m[1mopenstack_lb_pool_v2.lb_pool: Still creating... [00m20s elapsed][0m[0m
[0m[1mopenstack_lb_pool_v2.lb_pool: Still creating... [00m30s elapsed][0m[0m
[0m[1mopenstack_lb_pool_v2.lb_pool: Still creating... [00m40s elapsed][0m[0m
[0m[1mopenstack_lb_pool_v2.lb_pool: Still creating... [00m50s elapsed][0m[0m
[0m[1mopenstack_lb_pool_v2.lb_pool: Still creating... [01m00s elapsed][0m[0m
[0m[1mopenstack_lb_pool_v2.lb_pool: Still creating... [01m10s elapsed][0m[0m
[0m[1mopenstack_lb_pool_v2.lb_pool: Still creating... [01m20s elapsed][0m[0m
[0m[1mopenstack_lb_pool_v2.lb_pool: Still creating... [01m30s elapsed][0m[0m
[0m[1mopenstack_lb_pool_v2.lb_pool: Still creating... [01m40s elapsed][0m[0m
[0m[1mopenstack_lb_pool_v2.lb_pool: Still creating... [01m50s elapsed][0m[0m
[0m[1mopenstack_lb_pool_v2.lb_pool: Still creating... [02m00s elapsed][0m[0m
[0m[1mopenstack_lb_pool_v2.lb_pool: Still creating... [02m10s elapsed][0m[0m
[0m[1mopenstack_lb_pool_v2.lb_pool: Still creating... [02m20s elapsed][0m[0m
[0m[1mopenstack_lb_pool_v2.lb_pool: Still creating... [02m30s elapsed][0m[0m
[0m[1mopenstack_lb_pool_v2.lb_pool: Still creating... [02m40s elapsed][0m[0m
[0m[1mopenstack_lb_pool_v2.lb_pool: Still creating... [02m50s elapsed][0m[0m
[0m[1mopenstack_lb_pool_v2.lb_pool: Still creating... [03m00s elapsed][0m[0m
[0m[1mopenstack_lb_pool_v2.lb_pool: Still creating... [03m10s elapsed][0m[0m
[0m[1mopenstack_lb_pool_v2.lb_pool: Still creating... [03m20s elapsed][0m[0m
[0m[1mopenstack_lb_pool_v2.lb_pool: Still creating... [03m30s elapsed][0m[0m
[0m[1mopenstack_lb_pool_v2.lb_pool: Still creating... [03m40s elapsed][0m[0m
[0m[1mopenstack_lb_pool_v2.lb_pool: Still creating... [03m50s elapsed][0m[0m
[0m[1mopenstack_lb_pool_v2.lb_pool: Still creating... [04m00s elapsed][0m[0m
[0m[1mopenstack_lb_pool_v2.lb_pool: Still creating... [04m10s elapsed][0m[0m
[0m[1mopenstack_lb_pool_v2.lb_pool: Still creating... [04m20s elapsed][0m[0m
[0m[1mopenstack_lb_pool_v2.lb_pool: Still creating... [04m30s elapsed][0m[0m
[0m[1mopenstack_lb_pool_v2.lb_pool: Still creating... [04m40s elapsed][0m[0m
[0m[1mopenstack_lb_pool_v2.lb_pool: Still creating... [04m50s elapsed][0m[0m
[0m[1mopenstack_lb_pool_v2.lb_pool: Still creating... [05m00s elapsed][0m[0m
[0m[1mopenstack_lb_pool_v2.lb_pool: Still creating... [05m10s elapsed][0m[0m
[0m[1mopenstack_lb_pool_v2.lb_pool: Still creating... [05m20s elapsed][0m[0m
[0m[1mopenstack_lb_pool_v2.lb_pool: Still creating... [05m30s elapsed][0m[0m
[0m[1mopenstack_lb_pool_v2.lb_pool: Still creating... [05m40s elapsed][0m[0m
[0m[1mopenstack_lb_pool_v2.lb_pool: Creation complete after 5m49s [id=dc0d04ce-e85c-41be-b1a2-e09febab69f6][0m
[0m[1mopenstack_lb_member_v2.was_member: Creating...[0m[0m
[0m[1mopenstack_lb_member_v2.web_member: Creating...[0m[0m
[0m[1mopenstack_lb_member_v2.web_member: Still creating... [00m10s elapsed][0m[0m
[0m[1mopenstack_lb_member_v2.was_member: Still creating... [00m10s elapsed][0m[0m
[0m[1mopenstack_lb_member_v2.was_member: Still creating... [00m20s elapsed][0m[0m
[0m[1mopenstack_lb_member_v2.web_member: Still creating... [00m20s elapsed][0m[0m
[0m[1mopenstack_lb_member_v2.web_member: Still creating... [00m30s elapsed][0m[0m
[0m[1mopenstack_lb_member_v2.was_member: Still creating... [00m30s elapsed][0m[0m
[0m[1mopenstack_lb_member_v2.was_member: Still creating... [00m40s elapsed][0m[0m
[0m[1mopenstack_lb_member_v2.web_member: Still creating... [00m40s elapsed][0m[0m
[0m[1mopenstack_lb_member_v2.was_member: Still creating... [00m50s elapsed][0m[0m
[0m[1mopenstack_lb_member_v2.web_member: Still creating... [00m50s elapsed][0m[0m
[0m[1mopenstack_lb_member_v2.web_member: Still creating... [01m00s elapsed][0m[0m
[0m[1mopenstack_lb_member_v2.was_member: Still creating... [01m00s elapsed][0m[0m
[0m[1mopenstack_lb_member_v2.was_member: Still creating... [01m10s elapsed][0m[0m
[0m[1mopenstack_lb_member_v2.web_member: Still creating... [01m10s elapsed][0m[0m
[0m[1mopenstack_lb_member_v2.web_member: Still creating... [01m20s elapsed][0m[0m
[0m[1mopenstack_lb_member_v2.was_member: Still creating... [01m20s elapsed][0m[0m
[0m[1mopenstack_lb_member_v2.web_member: Still creating... [01m30s elapsed][0m[0m
[0m[1mopenstack_lb_member_v2.was_member: Still creating... [01m30s elapsed][0m[0m
[0m[1mopenstack_lb_member_v2.was_member: Still creating... [01m40s elapsed][0m[0m
[0m[1mopenstack_lb_member_v2.web_member: Still creating... [01m40s elapsed][0m[0m
[0m[1mopenstack_lb_member_v2.web_member: Still creating... [01m50s elapsed][0m[0m
[0m[1mopenstack_lb_member_v2.was_member: Still creating... [01m50s elapsed][0m[0m
[0m[1mopenstack_lb_member_v2.was_member: Still creating... [02m00s elapsed][0m[0m
[0m[1mopenstack_lb_member_v2.web_member: Still creating... [02m00s elapsed][0m[0m
[0m[1mopenstack_lb_member_v2.was_member: Still creating... [02m10s elapsed][0m[0m
[0m[1mopenstack_lb_member_v2.web_member: Still creating... [02m10s elapsed][0m[0m
[0m[1mopenstack_lb_member_v2.was_member: Still creating... [02m20s elapsed][0m[0m
[0m[1mopenstack_lb_member_v2.web_member: Still creating... [02m20s elapsed][0m[0m
[0m[1mopenstack_lb_member_v2.was_member: Still creating... [02m30s elapsed][0m[0m
[0m[1mopenstack_lb_member_v2.web_member: Still creating... [02m30s elapsed][0m[0m
[0m[1mopenstack_lb_member_v2.web_member: Still creating... [02m40s elapsed][0m[0m
[0m[1mopenstack_lb_member_v2.was_member: Still creating... [02m40s elapsed][0m[0m
[0m[1mopenstack_lb_member_v2.was_member: Still creating... [02m50s elapsed][0m[0m
[0m[1mopenstack_lb_member_v2.web_member: Still creating... [02m50s elapsed][0m[0m
[0m[1mopenstack_lb_member_v2.was_member: Still creating... [03m00s elapsed][0m[0m
[0m[1mopenstack_lb_member_v2.web_member: Still creating... [03m00s elapsed][0m[0m
[0m[1mopenstack_lb_member_v2.web_member: Still creating... [03m10s elapsed][0m[0m
[0m[1mopenstack_lb_member_v2.was_member: Still creating... [03m10s elapsed][0m[0m
[0m[1mopenstack_lb_member_v2.was_member: Still creating... [03m20s elapsed][0m[0m
[0m[1mopenstack_lb_member_v2.web_member: Still creating... [03m20s elapsed][0m[0m
[0m[1mopenstack_lb_member_v2.web_member: Still creating... [03m30s elapsed][0m[0m
[0m[1mopenstack_lb_member_v2.was_member: Still creating... [03m30s elapsed][0m[0m
[0m[1mopenstack_lb_member_v2.was_member: Still creating... [03m40s elapsed][0m[0m
[0m[1mopenstack_lb_member_v2.web_member: Still creating... [03m40s elapsed][0m[0m
[0m[1mopenstack_lb_member_v2.web_member: Still creating... [03m50s elapsed][0m[0m
[0m[1mopenstack_lb_member_v2.was_member: Still creating... [03m50s elapsed][0m[0m
[0m[1mopenstack_lb_member_v2.was_member: Still creating... [04m00s elapsed][0m[0m
[0m[1mopenstack_lb_member_v2.web_member: Still creating... [04m00s elapsed][0m[0m
[0m[1mopenstack_lb_member_v2.web_member: Still creating... [04m10s elapsed][0m[0m
[0m[1mopenstack_lb_member_v2.was_member: Still creating... [04m10s elapsed][0m[0m
[0m[1mopenstack_lb_member_v2.was_member: Still creating... [04m20s elapsed][0m[0m
[0m[1mopenstack_lb_member_v2.web_member: Still creating... [04m20s elapsed][0m[0m
[0m[1mopenstack_lb_member_v2.web_member: Still creating... [04m30s elapsed][0m[0m
[0m[1mopenstack_lb_member_v2.was_member: Still creating... [04m30s elapsed][0m[0m
[0m[1mopenstack_lb_member_v2.was_member: Still creating... [04m40s elapsed][0m[0m
[0m[1mopenstack_lb_member_v2.web_member: Still creating... [04m40s elapsed][0m[0m
[0m[1mopenstack_lb_member_v2.web_member: Still creating... [04m50s elapsed][0m[0m
[0m[1mopenstack_lb_member_v2.was_member: Still creating... [04m50s elapsed][0m[0m
[0m[1mopenstack_lb_member_v2.was_member: Still creating... [05m00s elapsed][0m[0m
[0m[1mopenstack_lb_member_v2.web_member: Still creating... [05m00s elapsed][0m[0m
[0m[1mopenstack_lb_member_v2.web_member: Still creating... [05m10s elapsed][0m[0m
[0m[1mopenstack_lb_member_v2.was_member: Still creating... [05m10s elapsed][0m[0m
[0m[1mopenstack_lb_member_v2.was_member: Creation complete after 5m20s [id=2c776f95-bd92-48f8-a1fc-5a62037b3935][0m
[0m[1mopenstack_lb_member_v2.web_member: Still creating... [05m20s elapsed][0m[0m
[0m[1mopenstack_lb_member_v2.web_member: Still creating... [05m30s elapsed][0m[0m
[0m[1mopenstack_lb_member_v2.web_member: Still creating... [05m40s elapsed][0m[0m
[0m[1mopenstack_lb_member_v2.web_member: Still creating... [05m50s elapsed][0m[0m
[0m[1mopenstack_lb_member_v2.web_member: Still creating... [06m00s elapsed][0m[0m
[0m[1mopenstack_lb_member_v2.web_member: Still creating... [06m10s elapsed][0m[0m
[0m[1mopenstack_lb_member_v2.web_member: Still creating... [06m20s elapsed][0m[0m
[0m[1mopenstack_lb_member_v2.web_member: Still creating... [06m30s elapsed][0m[0m
[0m[1mopenstack_lb_member_v2.web_member: Still creating... [06m40s elapsed][0m[0m
[0m[1mopenstack_lb_member_v2.web_member: Still creating... [06m50s elapsed][0m[0m
[0m[1mopenstack_lb_member_v2.web_member: Still creating... [07m00s elapsed][0m[0m
[0m[1mopenstack_lb_member_v2.web_member: Still creating... [07m10s elapsed][0m[0m
[0m[1mopenstack_lb_member_v2.web_member: Still creating... [07m20s elapsed][0m[0m
[0m[1mopenstack_lb_member_v2.web_member: Creation complete after 7m21s [id=f257fa3d-5ce0-4106-baf6-4cc01c40b9fd][0m
[0m[1m[32m
Apply complete! Resources: 26 added, 0 changed, 0 destroyed.
[0m